{"level":"info","message":"Server running on port 3001","service":"flight-tracker-api","timestamp":"2025-03-17T17:08:52.814Z"}
{"level":"error","message":"400 - Email address \"a@b.cd\" is invalid - /api/auth/register - POST - ::1","service":"flight-tracker-api","timestamp":"2025-03-17T17:31:38.813Z"}
{"level":"error","message":"Error: Email address \"a@b.cd\" is invalid\n    at register (/Users/sahilsachdev/Desktop/random/Thena/flight-booking-backend/src/controllers/auth.controller.js:30:19)\n    at process.processTicksAndRejections (node:internal/process/task_queues:95:5)","service":"flight-tracker-api","timestamp":"2025-03-17T17:31:38.817Z"}
{"level":"error","message":"400 - Email address \"a@b.cde\" is invalid - /api/auth/register - POST - ::1","service":"flight-tracker-api","timestamp":"2025-03-17T17:31:47.775Z"}
{"level":"error","message":"Error: Email address \"a@b.cde\" is invalid\n    at register (/Users/sahilsachdev/Desktop/random/Thena/flight-booking-backend/src/controllers/auth.controller.js:30:19)\n    at process.processTicksAndRejections (node:internal/process/task_queues:95:5)","service":"flight-tracker-api","timestamp":"2025-03-17T17:31:47.776Z"}
{"level":"error","message":"400 - Email address \"a@b.cd\" is invalid - /api/auth/register - POST - ::1","service":"flight-tracker-api","timestamp":"2025-03-17T17:36:04.701Z"}
{"level":"error","message":"Error: Email address \"a@b.cd\" is invalid\n    at register (/Users/sahilsachdev/Desktop/random/Thena/flight-booking-backend/src/controllers/auth.controller.js:30:19)\n    at process.processTicksAndRejections (node:internal/process/task_queues:95:5)","service":"flight-tracker-api","timestamp":"2025-03-17T17:36:04.704Z"}
{"level":"error","message":"400 - Database error saving new user - /api/auth/register - POST - ::1","service":"flight-tracker-api","timestamp":"2025-03-17T17:36:29.103Z"}
{"level":"error","message":"Error: Database error saving new user\n    at register (/Users/sahilsachdev/Desktop/random/Thena/flight-booking-backend/src/controllers/auth.controller.js:30:19)\n    at process.processTicksAndRejections (node:internal/process/task_queues:95:5)","service":"flight-tracker-api","timestamp":"2025-03-17T17:36:29.103Z"}
{"level":"info","message":"Server running on port 3001","service":"flight-tracker-api","timestamp":"2025-03-18T18:06:53.835Z"}
{"0":"2","1":"0","10":"A","11":"i","12":"r","13":"p","14":"o","15":"r","16":"t","17":" ","18":"(","19":"A","2":"2","20":"M","21":"D","22":")","23":"A","24":"G","25":"X","26":")","3":"5","4":"-","5":"0","6":"3","7":"-","8":"2","9":"7","level":"info","message":"Flight with origin","service":"flight-tracker-api","timestamp":"2025-03-18T18:07:10.770Z"}
{"level":"error","message":"500 - Cannot read properties of undefined (reading 'length') - /api/flights?origin=Agatti%20Island%20Airport%20(AGX)&destination=Ahmedabad%20Airport%20(AMD)&date=2025-03-27 - GET - ::1","service":"flight-tracker-api","timestamp":"2025-03-18T18:07:10.771Z"}
{"level":"error","message":"TypeError: Cannot read properties of undefined (reading 'length')\n    at getFlights (/Users/sahilsachdev/Desktop/random/Thena/flight-booking-backend/src/controllers/flight.controller.js:81:21)\n    at process.processTicksAndRejections (node:internal/process/task_queues:95:5)","service":"flight-tracker-api","timestamp":"2025-03-18T18:07:10.771Z"}
{"0":"2","1":"0","10":"A","11":"i","12":"r","13":"p","14":"o","15":"r","16":"t","17":" ","18":"(","19":"A","2":"2","20":"M","21":"D","22":")","23":"A","24":"G","25":"X","26":")","3":"5","4":"-","5":"0","6":"3","7":"-","8":"2","9":"7","level":"info","message":"Flight with origin","service":"flight-tracker-api","timestamp":"2025-03-18T18:07:13.088Z"}
{"level":"error","message":"500 - Cannot read properties of undefined (reading 'length') - /api/flights?origin=Agatti%20Island%20Airport%20(AGX)&destination=Ahmedabad%20Airport%20(AMD)&date=2025-03-27 - GET - ::1","service":"flight-tracker-api","timestamp":"2025-03-18T18:07:13.089Z"}
{"level":"error","message":"TypeError: Cannot read properties of undefined (reading 'length')\n    at getFlights (/Users/sahilsachdev/Desktop/random/Thena/flight-booking-backend/src/controllers/flight.controller.js:81:21)\n    at process.processTicksAndRejections (node:internal/process/task_queues:95:5)","service":"flight-tracker-api","timestamp":"2025-03-18T18:07:13.089Z"}
{"0":"2","1":"0","10":"A","11":"i","12":"r","13":"p","14":"o","15":"r","16":"t","17":" ","18":"(","19":"A","2":"2","20":"M","21":"D","22":")","23":"A","24":"G","25":"X","26":")","3":"5","4":"-","5":"0","6":"3","7":"-","8":"2","9":"7","level":"info","message":"Flight with origin","service":"flight-tracker-api","timestamp":"2025-03-18T18:07:23.766Z"}
{"level":"error","message":"500 - Cannot read properties of undefined (reading 'length') - /api/flights?origin=Agatti%20Island%20Airport%20(AGX)&destination=Ahmedabad%20Airport%20(AMD)&date=2025-03-27 - GET - ::1","service":"flight-tracker-api","timestamp":"2025-03-18T18:07:23.767Z"}
{"level":"error","message":"TypeError: Cannot read properties of undefined (reading 'length')\n    at getFlights (/Users/sahilsachdev/Desktop/random/Thena/flight-booking-backend/src/controllers/flight.controller.js:81:21)\n    at process.processTicksAndRejections (node:internal/process/task_queues:95:5)","service":"flight-tracker-api","timestamp":"2025-03-18T18:07:23.767Z"}
{"0":"2","1":"0","10":"A","11":"i","12":"r","13":"p","14":"o","15":"r","16":"t","17":" ","18":"(","19":"A","2":"2","20":"M","21":"D","22":")","23":"A","24":"G","25":"X","26":")","3":"5","4":"-","5":"0","6":"3","7":"-","8":"2","9":"7","level":"info","message":"Flight with origin","service":"flight-tracker-api","timestamp":"2025-03-18T18:07:27.743Z"}
{"level":"error","message":"500 - Cannot read properties of undefined (reading 'length') - /api/flights?origin=Agatti%20Island%20Airport%20(AGX)&destination=Ahmedabad%20Airport%20(AMD)&date=2025-03-27 - GET - ::1","service":"flight-tracker-api","timestamp":"2025-03-18T18:07:27.743Z"}
{"level":"error","message":"TypeError: Cannot read properties of undefined (reading 'length')\n    at getFlights (/Users/sahilsachdev/Desktop/random/Thena/flight-booking-backend/src/controllers/flight.controller.js:81:21)\n    at process.processTicksAndRejections (node:internal/process/task_queues:95:5)","service":"flight-tracker-api","timestamp":"2025-03-18T18:07:27.744Z"}
{"0":"2","1":"0","10":"A","11":"i","12":"r","13":"p","14":"o","15":"r","16":"t","17":" ","18":"(","19":"A","2":"2","20":"M","21":"D","22":")","23":"A","24":"G","25":"X","26":")","3":"5","4":"-","5":"0","6":"3","7":"-","8":"2","9":"7","level":"info","message":"Flight with origin","service":"flight-tracker-api","timestamp":"2025-03-18T18:07:28.116Z"}
{"level":"error","message":"500 - Cannot read properties of undefined (reading 'length') - /api/flights?origin=Agatti%20Island%20Airport%20(AGX)&destination=Ahmedabad%20Airport%20(AMD)&date=2025-03-27 - GET - ::1","service":"flight-tracker-api","timestamp":"2025-03-18T18:07:28.116Z"}
{"level":"error","message":"TypeError: Cannot read properties of undefined (reading 'length')\n    at getFlights (/Users/sahilsachdev/Desktop/random/Thena/flight-booking-backend/src/controllers/flight.controller.js:81:21)\n    at process.processTicksAndRejections (node:internal/process/task_queues:95:5)","service":"flight-tracker-api","timestamp":"2025-03-18T18:07:28.116Z"}
{"0":"2","1":"0","10":"A","11":"i","12":"r","13":"p","14":"o","15":"r","16":"t","17":" ","18":"(","19":"A","2":"2","20":"M","21":"D","22":")","23":"A","24":"G","25":"X","26":")","3":"5","4":"-","5":"0","6":"3","7":"-","8":"2","9":"7","level":"info","message":"Flight with origin","service":"flight-tracker-api","timestamp":"2025-03-18T18:07:28.308Z"}
{"level":"error","message":"500 - Cannot read properties of undefined (reading 'length') - /api/flights?origin=Agatti%20Island%20Airport%20(AGX)&destination=Ahmedabad%20Airport%20(AMD)&date=2025-03-27 - GET - ::1","service":"flight-tracker-api","timestamp":"2025-03-18T18:07:28.309Z"}
{"level":"error","message":"TypeError: Cannot read properties of undefined (reading 'length')\n    at getFlights (/Users/sahilsachdev/Desktop/random/Thena/flight-booking-backend/src/controllers/flight.controller.js:81:21)\n    at process.processTicksAndRejections (node:internal/process/task_queues:95:5)","service":"flight-tracker-api","timestamp":"2025-03-18T18:07:28.309Z"}
{"0":"2","1":"0","10":"A","11":"i","12":"r","13":"p","14":"o","15":"r","16":"t","17":" ","18":"(","19":"A","2":"2","20":"M","21":"D","22":")","23":"A","24":"G","25":"X","26":")","3":"5","4":"-","5":"0","6":"3","7":"-","8":"2","9":"7","level":"info","message":"Flight with origin","service":"flight-tracker-api","timestamp":"2025-03-18T18:07:28.493Z"}
{"level":"error","message":"500 - Cannot read properties of undefined (reading 'length') - /api/flights?origin=Agatti%20Island%20Airport%20(AGX)&destination=Ahmedabad%20Airport%20(AMD)&date=2025-03-27 - GET - ::1","service":"flight-tracker-api","timestamp":"2025-03-18T18:07:28.494Z"}
{"level":"error","message":"TypeError: Cannot read properties of undefined (reading 'length')\n    at getFlights (/Users/sahilsachdev/Desktop/random/Thena/flight-booking-backend/src/controllers/flight.controller.js:81:21)\n    at process.processTicksAndRejections (node:internal/process/task_queues:95:5)","service":"flight-tracker-api","timestamp":"2025-03-18T18:07:28.494Z"}
{"0":"2","1":"0","10":"A","11":"i","12":"r","13":"p","14":"o","15":"r","16":"t","17":" ","18":"(","19":"A","2":"2","20":"M","21":"D","22":")","23":"A","24":"G","25":"X","26":")","3":"5","4":"-","5":"0","6":"3","7":"-","8":"2","9":"7","level":"info","message":"Flight with origin","service":"flight-tracker-api","timestamp":"2025-03-18T18:07:28.671Z"}
{"level":"error","message":"500 - Cannot read properties of undefined (reading 'length') - /api/flights?origin=Agatti%20Island%20Airport%20(AGX)&destination=Ahmedabad%20Airport%20(AMD)&date=2025-03-27 - GET - ::1","service":"flight-tracker-api","timestamp":"2025-03-18T18:07:28.671Z"}
{"level":"error","message":"TypeError: Cannot read properties of undefined (reading 'length')\n    at getFlights (/Users/sahilsachdev/Desktop/random/Thena/flight-booking-backend/src/controllers/flight.controller.js:81:21)\n    at process.processTicksAndRejections (node:internal/process/task_queues:95:5)","service":"flight-tracker-api","timestamp":"2025-03-18T18:07:28.672Z"}
{"level":"info","message":"Server running on port 3001","service":"flight-tracker-api","timestamp":"2025-03-18T18:10:58.966Z"}
{"0":{"airline":"Air India","arrivalTime":"9:19 AM","availableSeats":5,"date":"2025-03-27","departureTime":"7:44 AM","destination":"Ahmedabad Airport (AMD)","duration":"1h 35m","flightNumber":"AI708","id":"AI708-2025-03-27-744","origin":"Agatti Island Airport (AGX)","price":8874},"1":{"airline":"Air India","arrivalTime":"11:01 AM","availableSeats":8,"date":"2025-03-27","departureTime":"8:29 AM","destination":"Ahmedabad Airport (AMD)","duration":"2h 32m","flightNumber":"AI651","id":"AI651-2025-03-27-829","origin":"Agatti Island Airport (AGX)","price":10716},"2":{"airline":"IndiGo","arrivalTime":"12:00 PM","availableSeats":19,"date":"2025-03-27","departureTime":"8:11 AM","destination":"Ahmedabad Airport (AMD)","duration":"3h 49m","flightNumber":"6E163","id":"6E163-2025-03-27-811","origin":"Agatti Island Airport (AGX)","price":14523},"3":{"airline":"IndiGo","arrivalTime":"11:55 PM","availableSeats":30,"date":"2025-03-27","departureTime":"9:32 PM","destination":"Ahmedabad Airport (AMD)","duration":"2h 23m","flightNumber":"6E680","id":"6E680-2025-03-27-2132","origin":"Agatti Island Airport (AGX)","price":8051},"4":{"airline":"IndiGo","arrivalTime":"8:14 PM","availableSeats":11,"date":"2025-03-27","departureTime":"5:23 PM","destination":"Ahmedabad Airport (AMD)","duration":"2h 51m","flightNumber":"6E956","id":"6E956-2025-03-27-1723","origin":"Agatti Island Airport (AGX)","price":14449},"5":{"airline":"Vistara","arrivalTime":"8:04 PM","availableSeats":10,"date":"2025-03-27","departureTime":"4:29 PM","destination":"Ahmedabad Airport (AMD)","duration":"3h 35m","flightNumber":"UK321","id":"UK321-2025-03-27-1629","origin":"Agatti Island Airport (AGX)","price":12962},"6":{"airline":"Vistara","arrivalTime":"5:21 PM","availableSeats":11,"date":"2025-03-27","departureTime":"2:37 PM","destination":"Ahmedabad Airport (AMD)","duration":"2h 44m","flightNumber":"UK838","id":"UK838-2025-03-27-1437","origin":"Agatti Island Airport (AGX)","price":13900},"7":{"airline":"Vistara","arrivalTime":"10:24 AM","availableSeats":23,"date":"2025-03-27","departureTime":"8:07 AM","destination":"Ahmedabad Airport (AMD)","duration":"2h 17m","flightNumber":"UK743","id":"UK743-2025-03-27-87","origin":"Agatti Island Airport (AGX)","price":2582},"level":"info","message":"Flightsssss","service":"flight-tracker-api","timestamp":"2025-03-18T18:11:06.727Z"}
{"level":"error","message":"500 - Cannot read properties of undefined (reading 'length') - /api/flights?origin=Agatti%20Island%20Airport%20(AGX)&destination=Ahmedabad%20Airport%20(AMD)&date=2025-03-27 - GET - ::1","service":"flight-tracker-api","timestamp":"2025-03-18T18:11:06.730Z"}
{"level":"error","message":"TypeError: Cannot read properties of undefined (reading 'length')\n    at getFlights (/Users/sahilsachdev/Desktop/random/Thena/flight-booking-backend/src/controllers/flight.controller.js:79:21)\n    at process.processTicksAndRejections (node:internal/process/task_queues:95:5)","service":"flight-tracker-api","timestamp":"2025-03-18T18:11:06.730Z"}
{"level":"info","message":"Server running on port 3001","service":"flight-tracker-api","timestamp":"2025-03-18T18:12:13.453Z"}
{"0":{"airline":"Air India","arrivalTime":"11:02 AM","availableSeats":6,"date":"2025-03-27","departureTime":"7:12 AM","destination":"Ahmedabad Airport (AMD)","duration":"3h 50m","flightNumber":"AI526","id":"AI526-2025-03-27-712","origin":"Agatti Island Airport (AGX)","price":4548},"1":{"airline":"Air India","arrivalTime":"3:50 PM","availableSeats":41,"date":"2025-03-27","departureTime":"1:27 PM","destination":"Ahmedabad Airport (AMD)","duration":"2h 23m","flightNumber":"AI779","id":"AI779-2025-03-27-1327","origin":"Agatti Island Airport (AGX)","price":4368},"2":{"airline":"IndiGo","arrivalTime":"9:06 PM","availableSeats":31,"date":"2025-03-27","departureTime":"6:50 PM","destination":"Ahmedabad Airport (AMD)","duration":"2h 16m","flightNumber":"6E540","id":"6E540-2025-03-27-1850","origin":"Agatti Island Airport (AGX)","price":9317},"3":{"airline":"IndiGo","arrivalTime":"9:34 PM","availableSeats":27,"date":"2025-03-27","departureTime":"8:18 PM","destination":"Ahmedabad Airport (AMD)","duration":"1h 16m","flightNumber":"6E431","id":"6E431-2025-03-27-2018","origin":"Agatti Island Airport (AGX)","price":5203},"4":{"airline":"IndiGo","arrivalTime":"3:16 PM","availableSeats":40,"date":"2025-03-27","departureTime":"12:05 PM","destination":"Ahmedabad Airport (AMD)","duration":"3h 11m","flightNumber":"6E228","id":"6E228-2025-03-27-125","origin":"Agatti Island Airport (AGX)","price":10469},"5":{"airline":"Vistara","arrivalTime":"6:41 PM","availableSeats":30,"date":"2025-03-27","departureTime":"5:06 PM","destination":"Ahmedabad Airport (AMD)","duration":"1h 35m","flightNumber":"UK806","id":"UK806-2025-03-27-176","origin":"Agatti Island Airport (AGX)","price":11469},"6":{"airline":"Vistara","arrivalTime":"3:33 PM","availableSeats":36,"date":"2025-03-27","departureTime":"1:00 PM","destination":"Ahmedabad Airport (AMD)","duration":"2h 33m","flightNumber":"UK791","id":"UK791-2025-03-27-130","origin":"Agatti Island Airport (AGX)","price":11672},"level":"info","message":"Flightsssss","service":"flight-tracker-api","timestamp":"2025-03-18T18:12:17.057Z"}
{"level":"error","message":"500 - error is not defined - /api/flights?origin=Agatti%20Island%20Airport%20(AGX)&destination=Ahmedabad%20Airport%20(AMD)&date=2025-03-27 - GET - ::1","service":"flight-tracker-api","timestamp":"2025-03-18T18:12:17.058Z"}
{"level":"error","message":"ReferenceError: error is not defined\n    at getFlights (/Users/sahilsachdev/Desktop/random/Thena/flight-booking-backend/src/controllers/flight.controller.js:69:5)\n    at Layer.handle [as handle_request] (/Users/sahilsachdev/Desktop/random/Thena/flight-booking-backend/node_modules/express/lib/router/layer.js:95:5)\n    at next (/Users/sahilsachdev/Desktop/random/Thena/flight-booking-backend/node_modules/express/lib/router/route.js:149:13)\n    at Route.dispatch (/Users/sahilsachdev/Desktop/random/Thena/flight-booking-backend/node_modules/express/lib/router/route.js:119:3)\n    at Layer.handle [as handle_request] (/Users/sahilsachdev/Desktop/random/Thena/flight-booking-backend/node_modules/express/lib/router/layer.js:95:5)\n    at /Users/sahilsachdev/Desktop/random/Thena/flight-booking-backend/node_modules/express/lib/router/index.js:284:15\n    at Function.process_params (/Users/sahilsachdev/Desktop/random/Thena/flight-booking-backend/node_modules/express/lib/router/index.js:346:12)\n    at next (/Users/sahilsachdev/Desktop/random/Thena/flight-booking-backend/node_modules/express/lib/router/index.js:280:10)\n    at Function.handle (/Users/sahilsachdev/Desktop/random/Thena/flight-booking-backend/node_modules/express/lib/router/index.js:175:3)\n    at router (/Users/sahilsachdev/Desktop/random/Thena/flight-booking-backend/node_modules/express/lib/router/index.js:47:12)","service":"flight-tracker-api","timestamp":"2025-03-18T18:12:17.059Z"}
{"0":{"airline":"Air India","arrivalTime":"6:24 PM","availableSeats":15,"date":"2025-03-27","departureTime":"5:06 PM","destination":"Ahmedabad Airport (AMD)","duration":"1h 18m","flightNumber":"AI910","id":"AI910-2025-03-27-176","origin":"Agatti Island Airport (AGX)","price":10300},"1":{"airline":"Air India","arrivalTime":"3:58 PM","availableSeats":17,"date":"2025-03-27","departureTime":"12:02 PM","destination":"Ahmedabad Airport (AMD)","duration":"3h 56m","flightNumber":"AI723","id":"AI723-2025-03-27-122","origin":"Agatti Island Airport (AGX)","price":5847},"2":{"airline":"IndiGo","arrivalTime":"9:30 AM","availableSeats":20,"date":"2025-03-27","departureTime":"7:43 AM","destination":"Ahmedabad Airport (AMD)","duration":"1h 47m","flightNumber":"6E671","id":"6E671-2025-03-27-743","origin":"Agatti Island Airport (AGX)","price":8897},"3":{"airline":"IndiGo","arrivalTime":"1:21 PM","availableSeats":41,"date":"2025-03-27","departureTime":"11:38 AM","destination":"Ahmedabad Airport (AMD)","duration":"1h 43m","flightNumber":"6E400","id":"6E400-2025-03-27-1138","origin":"Agatti Island Airport (AGX)","price":6192},"4":{"airline":"IndiGo","arrivalTime":"6:18 PM","availableSeats":41,"date":"2025-03-27","departureTime":"4:03 PM","destination":"Ahmedabad Airport (AMD)","duration":"2h 15m","flightNumber":"6E814","id":"6E814-2025-03-27-163","origin":"Agatti Island Airport (AGX)","price":3975},"5":{"airline":"Vistara","arrivalTime":"3:33 PM","availableSeats":32,"date":"2025-03-27","departureTime":"12:10 PM","destination":"Ahmedabad Airport (AMD)","duration":"3h 23m","flightNumber":"UK572","id":"UK572-2025-03-27-1210","origin":"Agatti Island Airport (AGX)","price":11465},"6":{"airline":"Vistara","arrivalTime":"8:39 PM","availableSeats":29,"date":"2025-03-27","departureTime":"5:47 PM","destination":"Ahmedabad Airport (AMD)","duration":"2h 52m","flightNumber":"UK921","id":"UK921-2025-03-27-1747","origin":"Agatti Island Airport (AGX)","price":11849},"7":{"airline":"Vistara","arrivalTime":"8:13 PM","availableSeats":44,"date":"2025-03-27","departureTime":"5:33 PM","destination":"Ahmedabad Airport (AMD)","duration":"2h 40m","flightNumber":"UK223","id":"UK223-2025-03-27-1733","origin":"Agatti Island Airport (AGX)","price":3331},"level":"info","message":"Flightsssss","service":"flight-tracker-api","timestamp":"2025-03-18T18:12:34.969Z"}
{"level":"error","message":"500 - error is not defined - /api/flights?origin=Agatti%20Island%20Airport%20(AGX)&destination=Ahmedabad%20Airport%20(AMD)&date=2025-03-27 - GET - ::1","service":"flight-tracker-api","timestamp":"2025-03-18T18:12:34.971Z"}
{"level":"error","message":"ReferenceError: error is not defined\n    at getFlights (/Users/sahilsachdev/Desktop/random/Thena/flight-booking-backend/src/controllers/flight.controller.js:69:5)\n    at Layer.handle [as handle_request] (/Users/sahilsachdev/Desktop/random/Thena/flight-booking-backend/node_modules/express/lib/router/layer.js:95:5)\n    at next (/Users/sahilsachdev/Desktop/random/Thena/flight-booking-backend/node_modules/express/lib/router/route.js:149:13)\n    at Route.dispatch (/Users/sahilsachdev/Desktop/random/Thena/flight-booking-backend/node_modules/express/lib/router/route.js:119:3)\n    at Layer.handle [as handle_request] (/Users/sahilsachdev/Desktop/random/Thena/flight-booking-backend/node_modules/express/lib/router/layer.js:95:5)\n    at /Users/sahilsachdev/Desktop/random/Thena/flight-booking-backend/node_modules/express/lib/router/index.js:284:15\n    at Function.process_params (/Users/sahilsachdev/Desktop/random/Thena/flight-booking-backend/node_modules/express/lib/router/index.js:346:12)\n    at next (/Users/sahilsachdev/Desktop/random/Thena/flight-booking-backend/node_modules/express/lib/router/index.js:280:10)\n    at Function.handle (/Users/sahilsachdev/Desktop/random/Thena/flight-booking-backend/node_modules/express/lib/router/index.js:175:3)\n    at router (/Users/sahilsachdev/Desktop/random/Thena/flight-booking-backend/node_modules/express/lib/router/index.js:47:12)","service":"flight-tracker-api","timestamp":"2025-03-18T18:12:34.971Z"}
{"level":"info","message":"Server running on port 3001","service":"flight-tracker-api","timestamp":"2025-03-18T18:16:48.610Z"}
{"level":"info","message":"Server running on port 3001","service":"flight-tracker-api","timestamp":"2025-03-18T19:16:29.402Z"}
{"level":"info","message":"Server running on port 3001","service":"flight-tracker-api","timestamp":"2025-03-18T19:16:34.615Z"}
{"level":"info","message":"Server running on port 3001","service":"flight-tracker-api","timestamp":"2025-03-18T19:16:36.152Z"}
{"level":"info","message":"Server running on port 3001","service":"flight-tracker-api","timestamp":"2025-03-18T19:19:12.287Z"}
{"level":"info","message":"Server running on port 3001","service":"flight-tracker-api","timestamp":"2025-03-18T19:19:46.445Z"}
{"level":"info","message":"Server running on port 3001","service":"flight-tracker-api","timestamp":"2025-03-18T19:19:51.114Z"}
{"level":"info","message":"Server running on port 3001","service":"flight-tracker-api","timestamp":"2025-03-18T19:19:54.494Z"}
{"level":"info","message":"Server running on port 3001","service":"flight-tracker-api","timestamp":"2025-03-18T19:21:20.329Z"}
{"level":"info","message":"Server running on port 3001","service":"flight-tracker-api","timestamp":"2025-03-18T19:22:34.732Z"}
{"level":"info","message":"Server running on port 3001","service":"flight-tracker-api","timestamp":"2025-03-18T19:22:39.649Z"}
{"level":"info","message":"Server running on port 3001","service":"flight-tracker-api","timestamp":"2025-03-18T19:25:44.675Z"}
{"level":"info","message":"Server running on port 3001","service":"flight-tracker-api","timestamp":"2025-03-18T19:25:47.036Z"}
{"level":"info","message":"Server running on port 3001","service":"flight-tracker-api","timestamp":"2025-03-18T19:25:57.124Z"}
{"level":"info","message":"Server running on port 3001","service":"flight-tracker-api","timestamp":"2025-03-18T19:25:58.493Z"}
{"level":"info","message":"Server running on port 3001","service":"flight-tracker-api","timestamp":"2025-03-18T19:26:07.681Z"}
{"level":"info","message":"Server running on port 3001","service":"flight-tracker-api","timestamp":"2025-03-18T19:26:09.588Z"}
{"level":"info","message":"Server running on port 3001","service":"flight-tracker-api","timestamp":"2025-03-18T19:26:27.686Z"}
{"level":"info","message":"Server running on port 3001","service":"flight-tracker-api","timestamp":"2025-03-18T19:26:29.190Z"}
{"level":"info","message":"Server running on port 3001","service":"flight-tracker-api","timestamp":"2025-03-18T19:27:19.174Z"}
{"level":"info","message":"Server running on port 3001","service":"flight-tracker-api","timestamp":"2025-03-18T19:27:24.948Z"}
{"level":"info","message":"Server running on port 3001","service":"flight-tracker-api","timestamp":"2025-03-18T19:27:26.454Z"}
{"level":"info","message":"Server running on port 3001","service":"flight-tracker-api","timestamp":"2025-03-18T19:27:34.121Z"}
{"level":"info","message":"Server running on port 3001","service":"flight-tracker-api","timestamp":"2025-03-18T19:28:26.884Z"}
{"level":"info","message":"Server running on port 3001","service":"flight-tracker-api","timestamp":"2025-03-18T19:28:28.965Z"}
{"level":"info","message":"Server running on port 3001","service":"flight-tracker-api","timestamp":"2025-03-18T19:28:29.360Z"}
{"level":"info","message":"Server running on port 3001","service":"flight-tracker-api","timestamp":"2025-03-18T19:34:18.237Z"}
{"level":"info","message":"Server running on port 3001","service":"flight-tracker-api","timestamp":"2025-03-18T19:34:48.501Z"}
{"level":"info","message":"Server running on port 3001","service":"flight-tracker-api","timestamp":"2025-03-18T19:39:30.807Z"}
{"level":"info","message":"Server running on port 3001","service":"flight-tracker-api","timestamp":"2025-03-18T19:39:53.383Z"}
{"level":"info","message":"Server running on port 3001","service":"flight-tracker-api","timestamp":"2025-03-18T19:40:49.659Z"}
{"level":"info","message":"Server running on port 3001","service":"flight-tracker-api","timestamp":"2025-03-18T19:40:51.637Z"}
{"level":"info","message":"Server running on port 3001","service":"flight-tracker-api","timestamp":"2025-03-18T19:40:52.111Z"}
{"level":"info","message":"Server running on port 3001","service":"flight-tracker-api","timestamp":"2025-03-18T19:41:08.386Z"}
{"level":"info","message":"Server running on port 3001","service":"flight-tracker-api","timestamp":"2025-03-18T19:43:36.733Z"}
{"level":"info","message":"Server running on port 3001","service":"flight-tracker-api","timestamp":"2025-03-18T19:44:44.522Z"}
{"level":"info","message":"Server running on port 3001","service":"flight-tracker-api","timestamp":"2025-03-18T19:44:56.840Z"}
{"level":"info","message":"Server running on port 3001","service":"flight-tracker-api","timestamp":"2025-03-18T19:45:01.372Z"}
{"level":"info","message":"Server running on port 3001","service":"flight-tracker-api","timestamp":"2025-03-18T19:45:04.218Z"}
{"level":"info","message":"Server running on port 3001","service":"flight-tracker-api","timestamp":"2025-03-18T19:46:55.448Z"}
{"level":"info","message":"Server running on port 3001","service":"flight-tracker-api","timestamp":"2025-03-18T19:47:18.157Z"}
{"level":"info","message":"Server running on port 3001","service":"flight-tracker-api","timestamp":"2025-03-19T16:05:25.768Z"}
{"level":"error","message":"401 - Email not confirmed - /api/auth/login - POST - ::1","service":"flight-tracker-api","timestamp":"2025-03-19T16:05:30.627Z"}
{"level":"error","message":"Error: Email not confirmed\n    at login (/Users/sahilsachdev/Desktop/random/Thena/flight-booking-backend/src/controllers/auth.controller.js:64:19)\n    at process.processTicksAndRejections (node:internal/process/task_queues:95:5)","service":"flight-tracker-api","timestamp":"2025-03-19T16:05:30.627Z"}
{"level":"error","message":"401 - Email not confirmed - /api/auth/login - POST - ::1","service":"flight-tracker-api","timestamp":"2025-03-19T16:06:14.724Z"}
{"level":"error","message":"Error: Email not confirmed\n    at login (/Users/sahilsachdev/Desktop/random/Thena/flight-booking-backend/src/controllers/auth.controller.js:64:19)\n    at process.processTicksAndRejections (node:internal/process/task_queues:95:5)","service":"flight-tracker-api","timestamp":"2025-03-19T16:06:14.724Z"}
{"level":"info","message":"Server running on port 3001","service":"flight-tracker-api","timestamp":"2025-03-19T16:07:05.213Z"}
{"level":"info","message":"Server running on port 3001","service":"flight-tracker-api","timestamp":"2025-03-19T16:07:10.438Z"}
{"level":"info","message":"Server running on port 3001","service":"flight-tracker-api","timestamp":"2025-03-19T16:07:12.831Z"}
{"level":"info","message":"Server running on port 3001","service":"flight-tracker-api","timestamp":"2025-03-19T16:11:41.628Z"}
{"level":"info","message":"Server running on port 3001","service":"flight-tracker-api","timestamp":"2025-03-19T16:11:42.048Z"}
{"level":"info","message":"Server running on port 3001","service":"flight-tracker-api","timestamp":"2025-03-19T16:14:51.340Z"}
{"level":"error","message":"401 - Email not confirmed - /api/auth/register - POST - ::1","service":"flight-tracker-api","timestamp":"2025-03-19T16:16:18.655Z"}
{"level":"error","message":"Error: Email not confirmed\n    at register (/Users/sahilsachdev/Desktop/random/Thena/flight-booking-backend/src/controllers/auth.controller.js:40:19)\n    at process.processTicksAndRejections (node:internal/process/task_queues:95:5)","service":"flight-tracker-api","timestamp":"2025-03-19T16:16:18.656Z"}
{"level":"error","message":"401 - Email not confirmed - /api/auth/register - POST - ::1","service":"flight-tracker-api","timestamp":"2025-03-19T16:16:28.729Z"}
{"level":"error","message":"Error: Email not confirmed\n    at register (/Users/sahilsachdev/Desktop/random/Thena/flight-booking-backend/src/controllers/auth.controller.js:40:19)\n    at process.processTicksAndRejections (node:internal/process/task_queues:95:5)","service":"flight-tracker-api","timestamp":"2025-03-19T16:16:28.729Z"}
{"level":"error","message":"400 - Email address \"a@b.cd\" is invalid - /api/auth/register - POST - ::1","service":"flight-tracker-api","timestamp":"2025-03-19T16:16:38.217Z"}
{"level":"error","message":"Error: Email address \"a@b.cd\" is invalid\n    at register (/Users/sahilsachdev/Desktop/random/Thena/flight-booking-backend/src/controllers/auth.controller.js:30:19)\n    at process.processTicksAndRejections (node:internal/process/task_queues:95:5)","service":"flight-tracker-api","timestamp":"2025-03-19T16:16:38.218Z"}
{"level":"error","message":"401 - Email not confirmed - /api/auth/register - POST - ::1","service":"flight-tracker-api","timestamp":"2025-03-19T16:16:45.015Z"}
{"level":"error","message":"Error: Email not confirmed\n    at register (/Users/sahilsachdev/Desktop/random/Thena/flight-booking-backend/src/controllers/auth.controller.js:40:19)\n    at process.processTicksAndRejections (node:internal/process/task_queues:95:5)","service":"flight-tracker-api","timestamp":"2025-03-19T16:16:45.016Z"}
{"level":"info","message":"Server running on port 3001","service":"flight-tracker-api","timestamp":"2025-03-19T16:16:50.932Z"}
{"level":"error","message":"400 - For security purposes, you can only request this after 45 seconds. - /api/auth/register - POST - ::1","service":"flight-tracker-api","timestamp":"2025-03-19T16:16:56.404Z"}
{"level":"error","message":"Error: For security purposes, you can only request this after 45 seconds.\n    at register (/Users/sahilsachdev/Desktop/random/Thena/flight-booking-backend/src/controllers/auth.controller.js:30:19)\n    at process.processTicksAndRejections (node:internal/process/task_queues:95:5)","service":"flight-tracker-api","timestamp":"2025-03-19T16:16:56.404Z"}
{"level":"info","message":"Server running on port 3001","service":"flight-tracker-api","timestamp":"2025-03-19T16:21:36.453Z"}
{"level":"info","message":"Server running on port 3001","service":"flight-tracker-api","timestamp":"2025-03-19T16:21:53.427Z"}
{"level":"info","message":"Server running on port 3001","service":"flight-tracker-api","timestamp":"2025-03-19T16:21:58.893Z"}
{"level":"info","message":"Server running on port 3001","service":"flight-tracker-api","timestamp":"2025-03-19T16:22:09.054Z"}
{"level":"info","message":"Server running on port 3001","service":"flight-tracker-api","timestamp":"2025-03-19T16:22:50.261Z"}
{"level":"info","message":"Server running on port 3001","service":"flight-tracker-api","timestamp":"2025-03-19T16:22:57.827Z"}
{"level":"info","message":"Server running on port 3001","service":"flight-tracker-api","timestamp":"2025-03-19T16:22:59.658Z"}
{"level":"error","message":"401 - Email not confirmed - /api/auth/login - POST - ::1","service":"flight-tracker-api","timestamp":"2025-03-19T16:23:13.244Z"}
{"level":"error","message":"Error: Email not confirmed\n    at login (/Users/sahilsachdev/Desktop/random/Thena/flight-booking-backend/src/controllers/auth.controller.js:65:19)\n    at process.processTicksAndRejections (node:internal/process/task_queues:95:5)","service":"flight-tracker-api","timestamp":"2025-03-19T16:23:13.244Z"}
{"level":"info","message":"Server running on port 3001","service":"flight-tracker-api","timestamp":"2025-03-19T16:23:48.610Z"}
{"level":"error","message":"401 - Email not confirmed - /api/auth/login - POST - ::1","service":"flight-tracker-api","timestamp":"2025-03-19T16:25:47.523Z"}
{"level":"error","message":"Error: Email not confirmed\n    at login (/Users/sahilsachdev/Desktop/random/Thena/flight-booking-backend/src/controllers/auth.controller.js:65:19)\n    at process.processTicksAndRejections (node:internal/process/task_queues:95:5)","service":"flight-tracker-api","timestamp":"2025-03-19T16:25:47.523Z"}
{"level":"info","message":"Server running on port 3001","service":"flight-tracker-api","timestamp":"2025-03-19T16:25:54.041Z"}
{"level":"error","message":"401 - Email not confirmed - /api/auth/login - POST - ::1","service":"flight-tracker-api","timestamp":"2025-03-19T16:25:56.327Z"}
{"level":"error","message":"Error: Email not confirmed\n    at login (/Users/sahilsachdev/Desktop/random/Thena/flight-booking-backend/src/controllers/auth.controller.js:65:19)\n    at process.processTicksAndRejections (node:internal/process/task_queues:95:5)","service":"flight-tracker-api","timestamp":"2025-03-19T16:25:56.327Z"}
{"level":"info","message":"Server running on port 3001","service":"flight-tracker-api","timestamp":"2025-03-19T16:26:40.100Z"}
{"level":"error","message":"401 - Email not confirmed - /api/auth/login - POST - ::1","service":"flight-tracker-api","timestamp":"2025-03-19T16:26:47.511Z"}
{"level":"error","message":"Error: Email not confirmed\n    at login (/Users/sahilsachdev/Desktop/random/Thena/flight-booking-backend/src/controllers/auth.controller.js:65:19)\n    at process.processTicksAndRejections (node:internal/process/task_queues:95:5)","service":"flight-tracker-api","timestamp":"2025-03-19T16:26:47.512Z"}
{"level":"info","message":"Server running on port 3001","service":"flight-tracker-api","timestamp":"2025-03-19T16:37:38.862Z"}
{"level":"error","message":"401 - Email not confirmed - /api/auth/login - POST - ::1","service":"flight-tracker-api","timestamp":"2025-03-19T16:37:48.752Z"}
{"level":"error","message":"Error: Email not confirmed\n    at login (/Users/sahilsachdev/Desktop/random/Thena/flight-booking-backend/src/controllers/auth.controller.js:65:19)\n    at process.processTicksAndRejections (node:internal/process/task_queues:95:5)","service":"flight-tracker-api","timestamp":"2025-03-19T16:37:48.752Z"}
{"level":"info","message":"Server running on port 3001","service":"flight-tracker-api","timestamp":"2025-03-19T16:38:36.311Z"}
{"level":"info","message":"Server running on port 3001","service":"flight-tracker-api","timestamp":"2025-03-19T16:38:41.082Z"}
{"level":"error","message":"401 - Email not confirmed - /api/auth/login - POST - ::1","service":"flight-tracker-api","timestamp":"2025-03-19T16:38:44.415Z"}
{"level":"error","message":"Error: Email not confirmed\n    at login (/Users/sahilsachdev/Desktop/random/Thena/flight-booking-backend/src/controllers/auth.controller.js:66:19)\n    at process.processTicksAndRejections (node:internal/process/task_queues:95:5)","service":"flight-tracker-api","timestamp":"2025-03-19T16:38:44.415Z"}
{"level":"info","message":"Server running on port 3001","service":"flight-tracker-api","timestamp":"2025-03-19T16:39:16.946Z"}
{"level":"error","message":"401 - Email not confirmed - /api/auth/login - POST - ::1","service":"flight-tracker-api","timestamp":"2025-03-19T16:39:21.320Z"}
{"level":"error","message":"Error: Email not confirmed\n    at login (/Users/sahilsachdev/Desktop/random/Thena/flight-booking-backend/src/controllers/auth.controller.js:66:19)\n    at process.processTicksAndRejections (node:internal/process/task_queues:95:5)","service":"flight-tracker-api","timestamp":"2025-03-19T16:39:21.320Z"}
{"level":"info","message":"Server running on port 3001","service":"flight-tracker-api","timestamp":"2025-03-19T16:41:14.535Z"}
{"level":"info","message":"Server running on port 3001","service":"flight-tracker-api","timestamp":"2025-03-19T16:43:08.716Z"}
